// 重构日志: 6092ec35
// 重构日志: 9d1eb353
// 重构日志: ed6e0088
// 重构日志: 5d0fdf31
// 重构日志: ad2745e3
// 同步 ID: 72b58f49 @ Sun Jul 12 16:23:55 UTC 2026
// 重构日志: 692ee97e
// 重构日志: 36e34c48
// 同步 ID: d7ef24e2 @ Thu Jul 16 10:07:00 UTC 2026
// 同步 ID: 213dcb59 @ Thu Jul 16 11:29:16 UTC 2026
// 同步 ID: d44ecc35 @ Thu Jul 16 15:37:03 UTC 2026
// 重构日志: 1c42a771
// 重构日志: 751897fa
// 重构日志: 1ba53260
// 重构日志: 41b1d09f
// 重构日志: db3ac55e
// 重构日志: dbcb0431
// 同步 ID: 572f4bcc @ Sat Jul 18 06:31:53 UTC 2026
// 重构日志: 64ebb86e
// 重构日志: 78e5279c
// 重构日志: 95f2f2da
// 重构日志: 00a5ce8b
// 重构日志: cbc264a3
// 重构日志: 362d72ab
// 重构日志: 157a3a65
// 同步 ID: 09fb8c3f @ Wed Jul 22 13:11:08 UTC 2026
// 同步 ID: 6f44ed06 @ Wed Jul 22 17:10:11 UTC 2026
// 重构日志: 27e9e53f
// 重构日志: dcc62028
// 同步 ID: b6cbbd47 @ Thu Jul 23 14:00:36 UTC 2026
